<?xml version="1.0" encoding="UTF-8"?>
<!-- Generated by org.testng.reporters.JUnitReportReporter -->
<testsuite skipped="0" hostname="DESKTOP-KR2V5IJ" name="runner.RunCuke" tests="1" failures="0" timestamp="2021-05-20T12:10:11 CDT" time="42.451" errors="0">
  <testcase name="runScenario" time="42.451" classname="runner.RunCuke"/>
  <system-out/>
</testsuite> <!-- runner.RunCuke -->
