<?xml version="1.0" encoding="UTF-8"?>
<!-- Generated by org.testng.reporters.JUnitReportReporter -->
<testsuite skipped="0" hostname="DESKTOP-KR2V5IJ" name="runner.RunCuke" tests="1" failures="0" timestamp="2021-05-20T12:25:58 CDT" time="71.352" errors="0">
  <testcase name="runScenario" time="71.352" classname="runner.RunCuke"/>
  <system-out/>
</testsuite> <!-- runner.RunCuke -->
